Arguments: 
  /usr/local/bin/node /Users/dxy/.yarn/bin/yarn.js

PATH: 
  /Users/dxy/.yarn/bin:/Users/dxy/.config/yarn/global/node_modules/.bin:/usr/local/bin:/System/Cryptexes/App/usr/bin:/usr/bin:/bin:/usr/sbin:/sbin:/Library/Apple/usr/bin:/Users/dxy/.yarn/bin:/Users/dxy/.config/yarn/global/node_modules/.bin

Yarn version: 
  1.22.19

Node version: 
  16.19.1

Platform: 
  darwin x64

Trace: 
  Error: https://registry.yarnpkg.com/@testing-library%2fjest-dom: ETIMEDOUT
      at Timeout._onTimeout (/Users/dxy/.yarn/lib/cli.js:141550:19)
      at listOnTimeout (node:internal/timers:559:17)
      at processTimers (node:internal/timers:502:7)

npm manifest: 
  {
    "name": "react-hooks-ts-mobile",
    "version": "0.1.0",
    "private": true,
    "dependencies": {
      "@testing-library/jest-dom": "^5.16.5",
      "@testing-library/react": "^13.4.0",
      "@testing-library/user-event": "^13.5.0",
      "@types/jest": "^27.5.2",
      "@types/lodash": "^4.14.189",
      "@types/node": "^16.18.3",
      "@types/react": "^18.0.25",
      "@types/react-dom": "^18.0.9",
      "antd": "^5.0.0",
      "antd-mobile": "^5.25.1",
      "axios": "^1.1.3",
      "dva": "^2.6.0-beta.20",
      "lodash": "^4.17.21",
      "react": "^18.2.0",
      "react-dom": "^18.2.0",
      "react-scripts": "5.0.1",
      "sass": "^1.56.1",
      "typescript": "^4.9.3",
      "web-vitals": "^2.1.4"
    },
    "scripts": {
      "start": "react-scripts start",
      "build": "react-scripts build",
      "test": "react-scripts test",
      "eject": "react-scripts eject"
    },
    "browserslist": {
      "production": [
        ">0.2%",
        "not dead",
        "not op_mini all"
      ],
      "development": [
        "last 1 chrome version",
        "last 1 firefox version",
        "last 1 safari version"
      ]
    },
    "proxy": "http://127.0.0.1:8001"
  }

yarn manifest: 
  No manifest

Lockfile: 
  No lockfile
